#
# A fatal error has been detected by the Java Runtime Environment:
#
#  EXCEPTION_ACCESS_VIOLATION (0xc0000005) at pc=0x00007ffb35204e1b, pid=15492, tid=8004
#
# JRE version: Java(TM) SE Runtime Environment (14.0.2+12) (build 14.0.2+12-46)
# Java VM: Java HotSpot(TM) 64-Bit Server VM (14.0.2+12-46, mixed mode, sharing, tiered, compressed oops, g1 gc, windows-amd64)
# Problematic frame:
# V  [jvm.dll+0x674e1b]
#
# No core dump will be written. Minidumps are not enabled by default on client versions of Windows
#
# If you would like to submit a bug report, please visit:
#   https://bugreport.java.com/bugreport/crash.jsp
#

---------------  S U M M A R Y ------------

Command Line: -agentlib:jdwp=transport=dt_socket,suspend=y,address=localhost:52170 -javaagent:C:\Users\FONTANATJ20\eclipse\java-2020-06\eclipse\configuration\org.eclipse.osgi\222\0\.cp\lib\javaagent-shaded.jar -Dfile.encoding=Cp1252 Main

Host: Intel(R) Core(TM) i7-8665U CPU @ 1.90GHz, 8 cores, 15G,  Windows 10 , 64 bit Build 19041 (10.0.19041.928)
Time: Sat Apr 24 14:39:23 2021 Eastern Daylight Time elapsed time: 309 seconds (0d 0h 5m 9s)

---------------  T H R E A D  ---------------

Current thread (0x000001b0f703c000):  JavaThread "JDWP Transport Listener: dt_socket" daemon [_thread_in_vm, id=8004, stack(0x0000002827200000,0x0000002827300000)] _threads_hazard_ptr=0x000001b0f70cc4e0

Stack: [0x0000002827200000,0x0000002827300000],  sp=0x00000028272fe5b0,  free space=1017k
Native frames: (J=compiled Java code, j=interpreted, Vv=VM code, C=native code)
V  [jvm.dll+0x674e1b]
V  [jvm.dll+0x2ef343]
V  [jvm.dll+0x2f1005]
V  [jvm.dll+0x2f18fe]
V  [jvm.dll+0x2ef19c]
V  [jvm.dll+0x2ee3d2]
V  [jvm.dll+0x5e7b55]
V  [jvm.dll+0x5e78dd]
V  [jvm.dll+0x5af8e3]
V  [jvm.dll+0x739aef]
V  [jvm.dll+0x4bee61]
V  [jvm.dll+0x74908b]
V  [jvm.dll+0x4a54ee]
V  [jvm.dll+0x46ee7b]
C  [jdwp.dll+0x751f]


siginfo: EXCEPTION_ACCESS_VIOLATION (0xc0000005), reading address 0x0000000000000006


Register to memory mapping:

RIP=0x00007ffb35204e1b jvm.dll
RAX=0x00000028272fe640 is pointing into the stack for thread: 0x000001b0f703c000
RBX=0x00000028272fe610 is pointing into the stack for thread: 0x000001b0f703c000
RCX=0x0 is NULL
RDX=0x0 is NULL
RSP=0x00000028272fe5b0 is pointing into the stack for thread: 0x000001b0f703c000
RBP=0x00000028272feb50 is pointing into the stack for thread: 0x000001b0f703c000
RSI=0x0 is NULL
RDI=0x0 is NULL
R8 =0x0 is NULL
R9 =0x000001b0f69bf710 is pointing into metadata
R10=0x00007ffb34b90000 jvm.dll
R11=0x00000028272fea70 is pointing into the stack for thread: 0x000001b0f703c000
R12=0x000001b0f760b310 points into unknown readable memory: 00 c1 a5 19 00 00 00 00
R13=0x0 is NULL
R14=0x000001b0f69bea5a is pointing into metadata
R15=0x0000000000000070 is an unknown value


Registers:
RAX=0x00000028272fe640, RBX=0x00000028272fe610, RCX=0x0000000000000000, RDX=0x0000000000000000
RSP=0x00000028272fe5b0, RBP=0x00000028272feb50, RSI=0x0000000000000000, RDI=0x0000000000000000
R8 =0x0000000000000000, R9 =0x000001b0f69bf710, R10=0x00007ffb34b90000, R11=0x00000028272fea70
R12=0x000001b0f760b310, R13=0x0000000000000000, R14=0x000001b0f69bea5a, R15=0x0000000000000070
RIP=0x00007ffb35204e1b, EFLAGS=0x0000000000010246

Top of Stack: (sp=0x00000028272fe5b0)
0x00000028272fe5b0:   00000028272fe610 0000000000000000
0x00000028272fe5c0:   0000000000000000 0000000000000000
0x00000028272fe5d0:   0000000000000000 00007ffb34e7f343
0x00000028272fe5e0:   0000000000000000 00000028272fecc0
0x00000028272fe5f0:   0000000000000000 0000000000000000
0x00000028272fe600:   0000000000000000 0000000000000000
0x00000028272fe610:   00007ffb353e5740 0000000000000000
0x00000028272fe620:   0000000000000000 000000000000000a
0x00000028272fe630:   00000028272fe640 0000000000000000
0x00000028272fe640:   000000002fffffff 0000000000000000
0x00000028272fe650:   4fffffff4fffffff 0000000000000000
0x00000028272fe660:   0000000000000000 0000000000000000
0x00000028272fe670:   0000000000000000 0000000000000000
0x00000028272fe680:   0000000000000000 0000000000000000
0x00000028272fe690:   0000000000000000 0000000000000000
0x00000028272fe6a0:   0000000000000000 0000000000000000 

Instructions: (pc=0x00007ffb35204e1b)
0x00007ffb35204d1b:   48 8b cb ff 50 30 ff 43 14 48 c1 ef 04 eb 86 48
0x00007ffb35204d2b:   8b 03 45 33 c0 33 d2 48 8b cb ff 50 48 ff 43 14
0x00007ffb35204d3b:   48 c1 ef 04 e9 6c ff ff ff 48 8b 03 48 8b cb ff
0x00007ffb35204d4b:   50 38 83 43 14 02 48 c1 ef 04 e9 56 ff ff ff 48
0x00007ffb35204d5b:   8b 03 48 8b cb ff 50 10 ff 43 14 48 c1 ef 04 e9
0x00007ffb35204d6b:   41 ff ff ff 48 8b 03 48 8b cb ff 50 18 83 43 14
0x00007ffb35204d7b:   02 48 c1 ef 04 e9 2b ff ff ff 48 8b 0d 14 3b 3e
0x00007ffb35204d8b:   00 48 8d 15 fd f4 22 00 e8 48 5d f8 ff 48 8b 0d
0x00007ffb35204d9b:   01 3b 3e 00 48 8d 15 02 f5 22 00 4c 8b c6 e8 32
0x00007ffb35204dab:   5d f8 ff ba c2 00 00 00 48 8d 0d 86 f4 22 00 e8
0x00007ffb35204dbb:   91 83 b9 ff e8 2c 38 f8 ff 48 c1 ef 04 e9 e3 fe
0x00007ffb35204dcb:   ff ff 0f 1f 00 d1 4c 67 00 e2 4c 67 00 f4 4c 67
0x00007ffb35204ddb:   00 06 4d 67 00 18 4d 67 00 44 4d 67 00 5a 4d 67
0x00007ffb35204deb:   00 6f 4d 67 00 2a 4d 67 00 88 4c 67 00 cc cc cc
0x00007ffb35204dfb:   cc cc cc cc cc 40 53 48 83 ec 20 c7 41 10 00 00
0x00007ffb35204e0b:   00 00 48 8b d9 48 89 7c 24 38 48 8b 79 08 33 c9
0x00007ffb35204e1b:   80 7f 06 28 74 26 44 8d 49 28 8d 51 36 48 8d 0d
0x00007ffb35204e2b:   11 f4 22 00 4c 8d 05 fa f3 22 00 e8 95 81 b9 ff
0x00007ffb35204e3b:   e8 b0 37 f8 ff 8b 4b 10 48 8b 7b 08 8d 41 01 48
0x00007ffb35204e4b:   63 c9 89 43 10 80 7c 39 07 29 0f 84 d3 00 00 00
0x00007ffb35204e5b:   48 89 74 24 30 44 8b c0 48 8d 35 96 b1 98 ff 66
0x00007ffb35204e6b:   0f 1f 44 00 00 49 63 c8 0f be 54 39 06 83 c2 be
0x00007ffb35204e7b:   83 fa 19 77 7b 48 63 ca 0f b6 8c 0e dc 4f 67 00
0x00007ffb35204e8b:   8b 94 8e cc 4f 67 00 48 03 d6 ff e2 41 8d 40 01
0x00007ffb35204e9b:   89 43 10 eb 74 48 63 c8 ff c0 89 43 10 44 8b c0
0x00007ffb35204eab:   80 7c 39 06 3b 75 ee eb 63 0f 1f 40 00 0f 1f 84
0x00007ffb35204ebb:   00 00 00 00 00 ff c0 48 63 c8 89 43 10 0f b6 54
0x00007ffb35204ecb:   39 06 80 fa 5b 74 ee 80 fa 4c 75 1d 66 0f 1f 84
0x00007ffb35204edb:   00 00 00 00 00 48 63 c8 ff c0 89 43 10 44 8b c0
0x00007ffb35204eeb:   80 7c 39 06 3b 75 ee eb 23 ff c0 89 43 10 eb 19
0x00007ffb35204efb:   ba f1 00 00 00 48 8d 0d 39 f3 22 00 e8 44 82 b9
0x00007ffb35204f0b:   ff e8 df 36 f8 ff 8b 43 10 44 8b c0 49 63 c8 80 


Stack slot to memory mapping:
stack at sp + 0 slots: 0x00000028272fe610 is pointing into the stack for thread: 0x000001b0f703c000
stack at sp + 1 slots: 0x0 is NULL
stack at sp + 2 slots: 0x0 is NULL
stack at sp + 3 slots: 0x0 is NULL
stack at sp + 4 slots: 0x0 is NULL
stack at sp + 5 slots: 0x00007ffb34e7f343 jvm.dll
stack at sp + 6 slots: 0x0 is NULL
stack at sp + 7 slots: 0x00000028272fecc0 is pointing into the stack for thread: 0x000001b0f703c000


---------------  P R O C E S S  ---------------

Threads class SMR info:
_java_thread_list=0x000001b0f70cc4e0, length=14, elements={
0x000001b0d2d1a800, 0x000001b0f652c800, 0x000001b0f6531000, 0x000001b0f6549000,
0x000001b0f654d000, 0x000001b0f654e000, 0x000001b0f6551000, 0x000001b0f655a800,
0x000001b0f6565800, 0x000001b0f6515000, 0x000001b0f703c000, 0x000001b0f7004800,
0x000001b0f7006000, 0x000001b0f715d000
}

Java Threads: ( => current thread )
  0x000001b0d2d1a800 JavaThread "main" [_thread_blocked, id=7536, stack(0x0000002826100000,0x0000002826200000)]
  0x000001b0f652c800 JavaThread "Reference Handler" daemon [_thread_blocked, id=13388, stack(0x0000002826800000,0x0000002826900000)]
  0x000001b0f6531000 JavaThread "Finalizer" daemon [_thread_blocked, id=13552, stack(0x0000002826900000,0x0000002826a00000)]
  0x000001b0f6549000 JavaThread "Signal Dispatcher" daemon [_thread_blocked, id=15188, stack(0x0000002826a00000,0x0000002826b00000)]
  0x000001b0f654d000 JavaThread "Attach Listener" daemon [_thread_blocked, id=14396, stack(0x0000002826b00000,0x0000002826c00000)]
  0x000001b0f654e000 JavaThread "Service Thread" daemon [_thread_blocked, id=20332, stack(0x0000002826c00000,0x0000002826d00000)]
  0x000001b0f6551000 JavaThread "C2 CompilerThread0" daemon [_thread_blocked, id=4240, stack(0x0000002826d00000,0x0000002826e00000)]
  0x000001b0f655a800 JavaThread "C1 CompilerThread0" daemon [_thread_blocked, id=19784, stack(0x0000002826e00000,0x0000002826f00000)]
  0x000001b0f6565800 JavaThread "Sweeper thread" daemon [_thread_blocked, id=8148, stack(0x0000002826f00000,0x0000002827000000)]
  0x000001b0f6515000 JavaThread "Common-Cleaner" daemon [_thread_blocked, id=15296, stack(0x0000002827000000,0x0000002827100000)]
=>0x000001b0f703c000 JavaThread "JDWP Transport Listener: dt_socket" daemon [_thread_in_vm, id=8004, stack(0x0000002827200000,0x0000002827300000)]
  0x000001b0f7004800 JavaThread "JDWP Event Helper Thread" daemon [_thread_blocked, id=18064, stack(0x0000002827300000,0x0000002827400000)]
  0x000001b0f7006000 JavaThread "JDWP Command Reader" daemon [_thread_in_native, id=15228, stack(0x0000002827400000,0x0000002827500000)]
  0x000001b0f715d000 JavaThread "Notification Thread" daemon [_thread_blocked, id=18888, stack(0x0000002827500000,0x0000002827600000)]

Other Threads:
  0x000001b0f652b800 VMThread "VM Thread" [stack: 0x0000002826700000,0x0000002826800000] [id=14156]
  0x000001b0f714d000 WatcherThread [stack: 0x0000002827600000,0x0000002827700000] [id=8716]
  0x000001b0d2d7e000 GCTaskThread "GC Thread#0" [stack: 0x0000002826200000,0x0000002826300000] [id=18832]
  0x000001b0d2d9f800 ConcurrentGCThread "G1 Main Marker" [stack: 0x0000002826300000,0x0000002826400000] [id=18668]
  0x000001b0d2da3800 ConcurrentGCThread "G1 Conc#0" [stack: 0x0000002826400000,0x0000002826500000] [id=9672]
  0x000001b0f641a800 ConcurrentGCThread "G1 Refine#0" [stack: 0x0000002826500000,0x0000002826600000] [id=15608]
  0x000001b0f641d800 ConcurrentGCThread "G1 Young RemSet Sampling" [stack: 0x0000002826600000,0x0000002826700000] [id=19540]

Threads with active compile tasks:

VM state:not at safepoint (normal execution)

VM Mutex/Monitor currently owned by a thread: None

Heap address: 0x000000070a600000, size: 3930 MB, Compressed Oops mode: Zero based, Oop shift amount: 3
Narrow klass base: 0x0000000800000000, Narrow klass shift: 3
Compressed class space size: 1073741824 Address: 0x0000000800b30000

Heap:
 garbage-first heap   total 251904K, used 4096K [0x000000070a600000, 0x0000000800000000)
  region size 1024K, 5 young (5120K), 0 survivors (0K)
 Metaspace       used 2761K, capacity 4918K, committed 5120K, reserved 1056768K
  class space    used 262K, capacity 446K, committed 512K, reserved 1048576K
Heap Regions: E=young(eden), S=young(survivor), O=old, HS=humongous(starts), HC=humongous(continues), CS=collection set, F=free, OA=open archive, CA=closed archive, TAMS=top-at-mark-start (previous, next)
|   0|0x000000070a600000, 0x000000070a600000, 0x000000070a700000|  0%| F|  |TAMS 0x000000070a600000, 0x000000070a600000| Untracked 
|   1|0x000000070a700000, 0x000000070a700000, 0x000000070a800000|  0%| F|  |TAMS 0x000000070a700000, 0x000000070a700000| Untracked 
|   2|0x000000070a800000, 0x000000070a800000, 0x000000070a900000|  0%| F|  |TAMS 0x000000070a800000, 0x000000070a800000| Untracked 
|   3|0x000000070a900000, 0x000000070a900000, 0x000000070aa00000|  0%| F|  |TAMS 0x000000070a900000, 0x000000070a900000| Untracked 
|   4|0x000000070aa00000, 0x000000070aa00000, 0x000000070ab00000|  0%| F|  |TAMS 0x000000070aa00000, 0x000000070aa00000| Untracked 
|   5|0x000000070ab00000, 0x000000070ab00000, 0x000000070ac00000|  0%| F|  |TAMS 0x000000070ab00000, 0x000000070ab00000| Untracked 
|   6|0x000000070ac00000, 0x000000070ac00000, 0x000000070ad00000|  0%| F|  |TAMS 0x000000070ac00000, 0x000000070ac00000| Untracked 
|   7|0x000000070ad00000, 0x000000070ad00000, 0x000000070ae00000|  0%| F|  |TAMS 0x000000070ad00000, 0x000000070ad00000| Untracked 
|   8|0x000000070ae00000, 0x000000070ae00000, 0x000000070af00000|  0%| F|  |TAMS 0x000000070ae00000, 0x000000070ae00000| Untracked 
|   9|0x000000070af00000, 0x000000070af00000, 0x000000070b000000|  0%| F|  |TAMS 0x000000070af00000, 0x000000070af00000| Untracked 
|  10|0x000000070b000000, 0x000000070b000000, 0x000000070b100000|  0%| F|  |TAMS 0x000000070b000000, 0x000000070b000000| Untracked 
|  11|0x000000070b100000, 0x000000070b100000, 0x000000070b200000|  0%| F|  |TAMS 0x000000070b100000, 0x000000070b100000| Untracked 
|  12|0x000000070b200000, 0x000000070b200000, 0x000000070b300000|  0%| F|  |TAMS 0x000000070b200000, 0x000000070b200000| Untracked 
|  13|0x000000070b300000, 0x000000070b300000, 0x000000070b400000|  0%| F|  |TAMS 0x000000070b300000, 0x000000070b300000| Untracked 
|  14|0x000000070b400000, 0x000000070b400000, 0x000000070b500000|  0%| F|  |TAMS 0x000000070b400000, 0x000000070b400000| Untracked 
|  15|0x000000070b500000, 0x000000070b500000, 0x000000070b600000|  0%| F|  |TAMS 0x000000070b500000, 0x000000070b500000| Untracked 
|  16|0x000000070b600000, 0x000000070b600000, 0x000000070b700000|  0%| F|  |TAMS 0x000000070b600000, 0x000000070b600000| Untracked 
|  17|0x000000070b700000, 0x000000070b700000, 0x000000070b800000|  0%| F|  |TAMS 0x000000070b700000, 0x000000070b700000| Untracked 
|  18|0x000000070b800000, 0x000000070b800000, 0x000000070b900000|  0%| F|  |TAMS 0x000000070b800000, 0x000000070b800000| Untracked 
|  19|0x000000070b900000, 0x000000070b900000, 0x000000070ba00000|  0%| F|  |TAMS 0x000000070b900000, 0x000000070b900000| Untracked 
|  20|0x000000070ba00000, 0x000000070ba00000, 0x000000070bb00000|  0%| F|  |TAMS 0x000000070ba00000, 0x000000070ba00000| Untracked 
|  21|0x000000070bb00000, 0x000000070bb00000, 0x000000070bc00000|  0%| F|  |TAMS 0x000000070bb00000, 0x000000070bb00000| Untracked 
|  22|0x000000070bc00000, 0x000000070bc00000, 0x000000070bd00000|  0%| F|  |TAMS 0x000000070bc00000, 0x000000070bc00000| Untracked 
|  23|0x000000070bd00000, 0x000000070bd00000, 0x000000070be00000|  0%| F|  |TAMS 0x000000070bd00000, 0x000000070bd00000| Untracked 
|  24|0x000000070be00000, 0x000000070be00000, 0x000000070bf00000|  0%| F|  |TAMS 0x000000070be00000, 0x000000070be00000| Untracked 
|  25|0x000000070bf00000, 0x000000070bf00000, 0x000000070c000000|  0%| F|  |TAMS 0x000000070bf00000, 0x000000070bf00000| Untracked 
|  26|0x000000070c000000, 0x000000070c000000, 0x000000070c100000|  0%| F|  |TAMS 0x000000070c000000, 0x000000070c000000| Untracked 
|  27|0x000000070c100000, 0x000000070c100000, 0x000000070c200000|  0%| F|  |TAMS 0x000000070c100000, 0x000000070c100000| Untracked 
|  28|0x000000070c200000, 0x000000070c200000, 0x000000070c300000|  0%| F|  |TAMS 0x000000070c200000, 0x000000070c200000| Untracked 
|  29|0x000000070c300000, 0x000000070c300000, 0x000000070c400000|  0%| F|  |TAMS 0x000000070c300000, 0x000000070c300000| Untracked 
|  30|0x000000070c400000, 0x000000070c400000, 0x000000070c500000|  0%| F|  |TAMS 0x000000070c400000, 0x000000070c400000| Untracked 
|  31|0x000000070c500000, 0x000000070c500000, 0x000000070c600000|  0%| F|  |TAMS 0x000000070c500000, 0x000000070c500000| Untracked 
|  32|0x000000070c600000, 0x000000070c600000, 0x000000070c700000|  0%| F|  |TAMS 0x000000070c600000, 0x000000070c600000| Untracked 
|  33|0x000000070c700000, 0x000000070c700000, 0x000000070c800000|  0%| F|  |TAMS 0x000000070c700000, 0x000000070c700000| Untracked 
|  34|0x000000070c800000, 0x000000070c800000, 0x000000070c900000|  0%| F|  |TAMS 0x000000070c800000, 0x000000070c800000| Untracked 
|  35|0x000000070c900000, 0x000000070c900000, 0x000000070ca00000|  0%| F|  |TAMS 0x000000070c900000, 0x000000070c900000| Untracked 
|  36|0x000000070ca00000, 0x000000070ca00000, 0x000000070cb00000|  0%| F|  |TAMS 0x000000070ca00000, 0x000000070ca00000| Untracked 
|  37|0x000000070cb00000, 0x000000070cb00000, 0x000000070cc00000|  0%| F|  |TAMS 0x000000070cb00000, 0x000000070cb00000| Untracked 
|  38|0x000000070cc00000, 0x000000070cc00000, 0x000000070cd00000|  0%| F|  |TAMS 0x000000070cc00000, 0x000000070cc00000| Untracked 
|  39|0x000000070cd00000, 0x000000070cd00000, 0x000000070ce00000|  0%| F|  |TAMS 0x000000070cd00000, 0x000000070cd00000| Untracked 
|  40|0x000000070ce00000, 0x000000070ce00000, 0x000000070cf00000|  0%| F|  |TAMS 0x000000070ce00000, 0x000000070ce00000| Untracked 
|  41|0x000000070cf00000, 0x000000070cf00000, 0x000000070d000000|  0%| F|  |TAMS 0x000000070cf00000, 0x000000070cf00000| Untracked 
|  42|0x000000070d000000, 0x000000070d000000, 0x000000070d100000|  0%| F|  |TAMS 0x000000070d000000, 0x000000070d000000| Untracked 
|  43|0x000000070d100000, 0x000000070d100000, 0x000000070d200000|  0%| F|  |TAMS 0x000000070d100000, 0x000000070d100000| Untracked 
|  44|0x000000070d200000, 0x000000070d200000, 0x000000070d300000|  0%| F|  |TAMS 0x000000070d200000, 0x000000070d200000| Untracked 
|  45|0x000000070d300000, 0x000000070d300000, 0x000000070d400000|  0%| F|  |TAMS 0x000000070d300000, 0x000000070d300000| Untracked 
|  46|0x000000070d400000, 0x000000070d400000, 0x000000070d500000|  0%| F|  |TAMS 0x000000070d400000, 0x000000070d400000| Untracked 
|  47|0x000000070d500000, 0x000000070d500000, 0x000000070d600000|  0%| F|  |TAMS 0x000000070d500000, 0x000000070d500000| Untracked 
|  48|0x000000070d600000, 0x000000070d600000, 0x000000070d700000|  0%| F|  |TAMS 0x000000070d600000, 0x000000070d600000| Untracked 
|  49|0x000000070d700000, 0x000000070d700000, 0x000000070d800000|  0%| F|  |TAMS 0x000000070d700000, 0x000000070d700000| Untracked 
|  50|0x000000070d800000, 0x000000070d800000, 0x000000070d900000|  0%| F|  |TAMS 0x000000070d800000, 0x000000070d800000| Untracked 
|  51|0x000000070d900000, 0x000000070d900000, 0x000000070da00000|  0%| F|  |TAMS 0x000000070d900000, 0x000000070d900000| Untracked 
|  52|0x000000070da00000, 0x000000070da00000, 0x000000070db00000|  0%| F|  |TAMS 0x000000070da00000, 0x000000070da00000| Untracked 
|  53|0x000000070db00000, 0x000000070db00000, 0x000000070dc00000|  0%| F|  |TAMS 0x000000070db00000, 0x000000070db00000| Untracked 
|  54|0x000000070dc00000, 0x000000070dc00000, 0x000000070dd00000|  0%| F|  |TAMS 0x000000070dc00000, 0x000000070dc00000| Untracked 
|  55|0x000000070dd00000, 0x000000070dd00000, 0x000000070de00000|  0%| F|  |TAMS 0x000000070dd00000, 0x000000070dd00000| Untracked 
|  56|0x000000070de00000, 0x000000070de00000, 0x000000070df00000|  0%| F|  |TAMS 0x000000070de00000, 0x000000070de00000| Untracked 
|  57|0x000000070df00000, 0x000000070df00000, 0x000000070e000000|  0%| F|  |TAMS 0x000000070df00000, 0x000000070df00000| Untracked 
|  58|0x000000070e000000, 0x000000070e000000, 0x000000070e100000|  0%| F|  |TAMS 0x000000070e000000, 0x000000070e000000| Untracked 
|  59|0x000000070e100000, 0x000000070e100000, 0x000000070e200000|  0%| F|  |TAMS 0x000000070e100000, 0x000000070e100000| Untracked 
|  60|0x000000070e200000, 0x000000070e200000, 0x000000070e300000|  0%| F|  |TAMS 0x000000070e200000, 0x000000070e200000| Untracked 
|  61|0x000000070e300000, 0x000000070e300000, 0x000000070e400000|  0%| F|  |TAMS 0x000000070e300000, 0x000000070e300000| Untracked 
|  62|0x000000070e400000, 0x000000070e400000, 0x000000070e500000|  0%| F|  |TAMS 0x000000070e400000, 0x000000070e400000| Untracked 
|  63|0x000000070e500000, 0x000000070e500000, 0x000000070e600000|  0%| F|  |TAMS 0x000000070e500000, 0x000000070e500000| Untracked 
|  64|0x000000070e600000, 0x000000070e600000, 0x000000070e700000|  0%| F|  |TAMS 0x000000070e600000, 0x000000070e600000| Untracked 
|  65|0x000000070e700000, 0x000000070e700000, 0x000000070e800000|  0%| F|  |TAMS 0x000000070e700000, 0x000000070e700000| Untracked 
|  66|0x000000070e800000, 0x000000070e800000, 0x000000070e900000|  0%| F|  |TAMS 0x000000070e800000, 0x000000070e800000| Untracked 
|  67|0x000000070e900000, 0x000000070e900000, 0x000000070ea00000|  0%| F|  |TAMS 0x000000070e900000, 0x000000070e900000| Untracked 
|  68|0x000000070ea00000, 0x000000070ea00000, 0x000000070eb00000|  0%| F|  |TAMS 0x000000070ea00000, 0x000000070ea00000| Untracked 
|  69|0x000000070eb00000, 0x000000070eb00000, 0x000000070ec00000|  0%| F|  |TAMS 0x000000070eb00000, 0x000000070eb00000| Untracked 
|  70|0x000000070ec00000, 0x000000070ec00000, 0x000000070ed00000|  0%| F|  |TAMS 0x000000070ec00000, 0x000000070ec00000| Untracked 
|  71|0x000000070ed00000, 0x000000070ed00000, 0x000000070ee00000|  0%| F|  |TAMS 0x000000070ed00000, 0x000000070ed00000| Untracked 
|  72|0x000000070ee00000, 0x000000070ee00000, 0x000000070ef00000|  0%| F|  |TAMS 0x000000070ee00000, 0x000000070ee00000| Untracked 
|  73|0x000000070ef00000, 0x000000070ef00000, 0x000000070f000000|  0%| F|  |TAMS 0x000000070ef00000, 0x000000070ef00000| Untracked 
|  74|0x000000070f000000, 0x000000070f000000, 0x000000070f100000|  0%| F|  |TAMS 0x000000070f000000, 0x000000070f000000| Untracked 
|  75|0x000000070f100000, 0x000000070f100000, 0x000000070f200000|  0%| F|  |TAMS 0x000000070f100000, 0x000000070f100000| Untracked 
|  76|0x000000070f200000, 0x000000070f200000, 0x000000070f300000|  0%| F|  |TAMS 0x000000070f200000, 0x000000070f200000| Untracked 
|  77|0x000000070f300000, 0x000000070f300000, 0x000000070f400000|  0%| F|  |TAMS 0x000000070f300000, 0x000000070f300000| Untracked 
|  78|0x000000070f400000, 0x000000070f400000, 0x000000070f500000|  0%| F|  |TAMS 0x000000070f400000, 0x000000070f400000| Untracked 
|  79|0x000000070f500000, 0x000000070f500000, 0x000000070f600000|  0%| F|  |TAMS 0x000000070f500000, 0x000000070f500000| Untracked 
|  80|0x000000070f600000, 0x000000070f600000, 0x000000070f700000|  0%| F|  |TAMS 0x000000070f600000, 0x000000070f600000| Untracked 
|  81|0x000000070f700000, 0x000000070f700000, 0x000000070f800000|  0%| F|  |TAMS 0x000000070f700000, 0x000000070f700000| Untracked 
|  82|0x000000070f800000, 0x000000070f800000, 0x000000070f900000|  0%| F|  |TAMS 0x000000070f800000, 0x000000070f800000| Untracked 
|  83|0x000000070f900000, 0x000000070f900000, 0x000000070fa00000|  0%| F|  |TAMS 0x000000070f900000, 0x000000070f900000| Untracked 
|  84|0x000000070fa00000, 0x000000070fa00000, 0x000000070fb00000|  0%| F|  |TAMS 0x000000070fa00000, 0x000000070fa00000| Untracked 
|  85|0x000000070fb00000, 0x000000070fb00000, 0x000000070fc00000|  0%| F|  |TAMS 0x000000070fb00000, 0x000000070fb00000| Untracked 
|  86|0x000000070fc00000, 0x000000070fc00000, 0x000000070fd00000|  0%| F|  |TAMS 0x000000070fc00000, 0x000000070fc00000| Untracked 
|  87|0x000000070fd00000, 0x000000070fd00000, 0x000000070fe00000|  0%| F|  |TAMS 0x000000070fd00000, 0x000000070fd00000| Untracked 
|  88|0x000000070fe00000, 0x000000070fe00000, 0x000000070ff00000|  0%| F|  |TAMS 0x000000070fe00000, 0x000000070fe00000| Untracked 
|  89|0x000000070ff00000, 0x000000070ff00000, 0x0000000710000000|  0%| F|  |TAMS 0x000000070ff00000, 0x000000070ff00000| Untracked 
|  90|0x0000000710000000, 0x0000000710000000, 0x0000000710100000|  0%| F|  |TAMS 0x0000000710000000, 0x0000000710000000| Untracked 
|  91|0x0000000710100000, 0x0000000710100000, 0x0000000710200000|  0%| F|  |TAMS 0x0000000710100000, 0x0000000710100000| Untracked 
|  92|0x0000000710200000, 0x0000000710200000, 0x0000000710300000|  0%| F|  |TAMS 0x0000000710200000, 0x0000000710200000| Untracked 
|  93|0x0000000710300000, 0x0000000710300000, 0x0000000710400000|  0%| F|  |TAMS 0x0000000710300000, 0x0000000710300000| Untracked 
|  94|0x0000000710400000, 0x0000000710400000, 0x0000000710500000|  0%| F|  |TAMS 0x0000000710400000, 0x0000000710400000| Untracked 
|  95|0x0000000710500000, 0x0000000710500000, 0x0000000710600000|  0%| F|  |TAMS 0x0000000710500000, 0x0000000710500000| Untracked 
|  96|0x0000000710600000, 0x0000000710600000, 0x0000000710700000|  0%| F|  |TAMS 0x0000000710600000, 0x0000000710600000| Untracked 
|  97|0x0000000710700000, 0x0000000710700000, 0x0000000710800000|  0%| F|  |TAMS 0x0000000710700000, 0x0000000710700000| Untracked 
|  98|0x0000000710800000, 0x0000000710800000, 0x0000000710900000|  0%| F|  |TAMS 0x0000000710800000, 0x0000000710800000| Untracked 
|  99|0x0000000710900000, 0x0000000710900000, 0x0000000710a00000|  0%| F|  |TAMS 0x0000000710900000, 0x0000000710900000| Untracked 
| 100|0x0000000710a00000, 0x0000000710a00000, 0x0000000710b00000|  0%| F|  |TAMS 0x0000000710a00000, 0x0000000710a00000| Untracked 
| 101|0x0000000710b00000, 0x0000000710b00000, 0x0000000710c00000|  0%| F|  |TAMS 0x0000000710b00000, 0x0000000710b00000| Untracked 
| 102|0x0000000710c00000, 0x0000000710c00000, 0x0000000710d00000|  0%| F|  |TAMS 0x0000000710c00000, 0x0000000710c00000| Untracked 
| 103|0x0000000710d00000, 0x0000000710d00000, 0x0000000710e00000|  0%| F|  |TAMS 0x0000000710d00000, 0x0000000710d00000| Untracked 
| 104|0x0000000710e00000, 0x0000000710e00000, 0x0000000710f00000|  0%| F|  |TAMS 0x0000000710e00000, 0x0000000710e00000| Untracked 
| 105|0x0000000710f00000, 0x0000000710f00000, 0x0000000711000000|  0%| F|  |TAMS 0x0000000710f00000, 0x0000000710f00000| Untracked 
| 106|0x0000000711000000, 0x0000000711000000, 0x0000000711100000|  0%| F|  |TAMS 0x0000000711000000, 0x0000000711000000| Untracked 
| 107|0x0000000711100000, 0x0000000711100000, 0x0000000711200000|  0%| F|  |TAMS 0x0000000711100000, 0x0000000711100000| Untracked 
| 108|0x0000000711200000, 0x0000000711200000, 0x0000000711300000|  0%| F|  |TAMS 0x0000000711200000, 0x0000000711200000| Untracked 
| 109|0x0000000711300000, 0x0000000711300000, 0x0000000711400000|  0%| F|  |TAMS 0x0000000711300000, 0x0000000711300000| Untracked 
| 110|0x0000000711400000, 0x0000000711400000, 0x0000000711500000|  0%| F|  |TAMS 0x0000000711400000, 0x0000000711400000| Untracked 
| 111|0x0000000711500000, 0x0000000711500000, 0x0000000711600000|  0%| F|  |TAMS 0x0000000711500000, 0x0000000711500000| Untracked 
| 112|0x0000000711600000, 0x0000000711600000, 0x0000000711700000|  0%| F|  |TAMS 0x0000000711600000, 0x0000000711600000| Untracked 
| 113|0x0000000711700000, 0x0000000711700000, 0x0000000711800000|  0%| F|  |TAMS 0x0000000711700000, 0x0000000711700000| Untracked 
| 114|0x0000000711800000, 0x0000000711800000, 0x0000000711900000|  0%| F|  |TAMS 0x0000000711800000, 0x0000000711800000| Untracked 
| 115|0x0000000711900000, 0x0000000711900000, 0x0000000711a00000|  0%| F|  |TAMS 0x0000000711900000, 0x0000000711900000| Untracked 
| 116|0x0000000711a00000, 0x0000000711a00000, 0x0000000711b00000|  0%| F|  |TAMS 0x0000000711a00000, 0x0000000711a00000| Untracked 
| 117|0x0000000711b00000, 0x0000000711b00000, 0x0000000711c00000|  0%| F|  |TAMS 0x0000000711b00000, 0x0000000711b00000| Untracked 
| 118|0x0000000711c00000, 0x0000000711c00000, 0x0000000711d00000|  0%| F|  |TAMS 0x0000000711c00000, 0x0000000711c00000| Untracked 
| 119|0x0000000711d00000, 0x0000000711d00000, 0x0000000711e00000|  0%| F|  |TAMS 0x0000000711d00000, 0x0000000711d00000| Untracked 
| 120|0x0000000711e00000, 0x0000000711e00000, 0x0000000711f00000|  0%| F|  |TAMS 0x0000000711e00000, 0x0000000711e00000| Untracked 
| 121|0x0000000711f00000, 0x0000000711f00000, 0x0000000712000000|  0%| F|  |TAMS 0x0000000711f00000, 0x0000000711f00000| Untracked 
| 122|0x0000000712000000, 0x0000000712000000, 0x0000000712100000|  0%| F|  |TAMS 0x0000000712000000, 0x0000000712000000| Untracked 
| 123|0x0000000712100000, 0x0000000712100000, 0x0000000712200000|  0%| F|  |TAMS 0x0000000712100000, 0x0000000712100000| Untracked 
| 124|0x0000000712200000, 0x0000000712200000, 0x0000000712300000|  0%| F|  |TAMS 0x0000000712200000, 0x0000000712200000| Untracked 
| 125|0x0000000712300000, 0x0000000712300000, 0x0000000712400000|  0%| F|  |TAMS 0x0000000712300000, 0x0000000712300000| Untracked 
| 126|0x0000000712400000, 0x0000000712400000, 0x0000000712500000|  0%| F|  |TAMS 0x0000000712400000, 0x0000000712400000| Untracked 
| 127|0x0000000712500000, 0x0000000712500000, 0x0000000712600000|  0%| F|  |TAMS 0x0000000712500000, 0x0000000712500000| Untracked 
| 128|0x0000000712600000, 0x0000000712600000, 0x0000000712700000|  0%| F|  |TAMS 0x0000000712600000, 0x0000000712600000| Untracked 
| 129|0x0000000712700000, 0x0000000712700000, 0x0000000712800000|  0%| F|  |TAMS 0x0000000712700000, 0x0000000712700000| Untracked 
| 130|0x0000000712800000, 0x0000000712800000, 0x0000000712900000|  0%| F|  |TAMS 0x0000000712800000, 0x0000000712800000| Untracked 
| 131|0x0000000712900000, 0x0000000712900000, 0x0000000712a00000|  0%| F|  |TAMS 0x0000000712900000, 0x0000000712900000| Untracked 
| 132|0x0000000712a00000, 0x0000000712a00000, 0x0000000712b00000|  0%| F|  |TAMS 0x0000000712a00000, 0x0000000712a00000| Untracked 
| 133|0x0000000712b00000, 0x0000000712b00000, 0x0000000712c00000|  0%| F|  |TAMS 0x0000000712b00000, 0x0000000712b00000| Untracked 
| 134|0x0000000712c00000, 0x0000000712c00000, 0x0000000712d00000|  0%| F|  |TAMS 0x0000000712c00000, 0x0000000712c00000| Untracked 
| 135|0x0000000712d00000, 0x0000000712d00000, 0x0000000712e00000|  0%| F|  |TAMS 0x0000000712d00000, 0x0000000712d00000| Untracked 
| 136|0x0000000712e00000, 0x0000000712e00000, 0x0000000712f00000|  0%| F|  |TAMS 0x0000000712e00000, 0x0000000712e00000| Untracked 
| 137|0x0000000712f00000, 0x0000000712f00000, 0x0000000713000000|  0%| F|  |TAMS 0x0000000712f00000, 0x0000000712f00000| Untracked 
| 138|0x0000000713000000, 0x0000000713000000, 0x0000000713100000|  0%| F|  |TAMS 0x0000000713000000, 0x0000000713000000| Untracked 
| 139|0x0000000713100000, 0x0000000713100000, 0x0000000713200000|  0%| F|  |TAMS 0x0000000713100000, 0x0000000713100000| Untracked 
| 140|0x0000000713200000, 0x0000000713200000, 0x0000000713300000|  0%| F|  |TAMS 0x0000000713200000, 0x0000000713200000| Untracked 
| 141|0x0000000713300000, 0x0000000713300000, 0x0000000713400000|  0%| F|  |TAMS 0x0000000713300000, 0x0000000713300000| Untracked 
| 142|0x0000000713400000, 0x0000000713400000, 0x0000000713500000|  0%| F|  |TAMS 0x0000000713400000, 0x0000000713400000| Untracked 
| 143|0x0000000713500000, 0x0000000713500000, 0x0000000713600000|  0%| F|  |TAMS 0x0000000713500000, 0x0000000713500000| Untracked 
| 144|0x0000000713600000, 0x0000000713600000, 0x0000000713700000|  0%| F|  |TAMS 0x0000000713600000, 0x0000000713600000| Untracked 
| 145|0x0000000713700000, 0x0000000713700000, 0x0000000713800000|  0%| F|  |TAMS 0x0000000713700000, 0x0000000713700000| Untracked 
| 146|0x0000000713800000, 0x0000000713800000, 0x0000000713900000|  0%| F|  |TAMS 0x0000000713800000, 0x0000000713800000| Untracked 
| 147|0x0000000713900000, 0x0000000713900000, 0x0000000713a00000|  0%| F|  |TAMS 0x0000000713900000, 0x0000000713900000| Untracked 
| 148|0x0000000713a00000, 0x0000000713a00000, 0x0000000713b00000|  0%| F|  |TAMS 0x0000000713a00000, 0x0000000713a00000| Untracked 
| 149|0x0000000713b00000, 0x0000000713b00000, 0x0000000713c00000|  0%| F|  |TAMS 0x0000000713b00000, 0x0000000713b00000| Untracked 
| 150|0x0000000713c00000, 0x0000000713c00000, 0x0000000713d00000|  0%| F|  |TAMS 0x0000000713c00000, 0x0000000713c00000| Untracked 
| 151|0x0000000713d00000, 0x0000000713d00000, 0x0000000713e00000|  0%| F|  |TAMS 0x0000000713d00000, 0x0000000713d00000| Untracked 
| 152|0x0000000713e00000, 0x0000000713e00000, 0x0000000713f00000|  0%| F|  |TAMS 0x0000000713e00000, 0x0000000713e00000| Untracked 
| 153|0x0000000713f00000, 0x0000000713f00000, 0x0000000714000000|  0%| F|  |TAMS 0x0000000713f00000, 0x0000000713f00000| Untracked 
| 154|0x0000000714000000, 0x0000000714000000, 0x0000000714100000|  0%| F|  |TAMS 0x0000000714000000, 0x0000000714000000| Untracked 
| 155|0x0000000714100000, 0x0000000714100000, 0x0000000714200000|  0%| F|  |TAMS 0x0000000714100000, 0x0000000714100000| Untracked 
| 156|0x0000000714200000, 0x0000000714200000, 0x0000000714300000|  0%| F|  |TAMS 0x0000000714200000, 0x0000000714200000| Untracked 
| 157|0x0000000714300000, 0x0000000714300000, 0x0000000714400000|  0%| F|  |TAMS 0x0000000714300000, 0x0000000714300000| Untracked 
| 158|0x0000000714400000, 0x0000000714400000, 0x0000000714500000|  0%| F|  |TAMS 0x0000000714400000, 0x0000000714400000| Untracked 
| 159|0x0000000714500000, 0x0000000714500000, 0x0000000714600000|  0%| F|  |TAMS 0x0000000714500000, 0x0000000714500000| Untracked 
| 160|0x0000000714600000, 0x0000000714600000, 0x0000000714700000|  0%| F|  |TAMS 0x0000000714600000, 0x0000000714600000| Untracked 
| 161|0x0000000714700000, 0x0000000714700000, 0x0000000714800000|  0%| F|  |TAMS 0x0000000714700000, 0x0000000714700000| Untracked 
| 162|0x0000000714800000, 0x0000000714800000, 0x0000000714900000|  0%| F|  |TAMS 0x0000000714800000, 0x0000000714800000| Untracked 
| 163|0x0000000714900000, 0x0000000714900000, 0x0000000714a00000|  0%| F|  |TAMS 0x0000000714900000, 0x0000000714900000| Untracked 
| 164|0x0000000714a00000, 0x0000000714a00000, 0x0000000714b00000|  0%| F|  |TAMS 0x0000000714a00000, 0x0000000714a00000| Untracked 
| 165|0x0000000714b00000, 0x0000000714b00000, 0x0000000714c00000|  0%| F|  |TAMS 0x0000000714b00000, 0x0000000714b00000| Untracked 
| 166|0x0000000714c00000, 0x0000000714c00000, 0x0000000714d00000|  0%| F|  |TAMS 0x0000000714c00000, 0x0000000714c00000| Untracked 
| 167|0x0000000714d00000, 0x0000000714d00000, 0x0000000714e00000|  0%| F|  |TAMS 0x0000000714d00000, 0x0000000714d00000| Untracked 
| 168|0x0000000714e00000, 0x0000000714e00000, 0x0000000714f00000|  0%| F|  |TAMS 0x0000000714e00000, 0x0000000714e00000| Untracked 
| 169|0x0000000714f00000, 0x0000000714f00000, 0x0000000715000000|  0%| F|  |TAMS 0x0000000714f00000, 0x0000000714f00000| Untracked 
| 170|0x0000000715000000, 0x0000000715000000, 0x0000000715100000|  0%| F|  |TAMS 0x0000000715000000, 0x0000000715000000| Untracked 
| 171|0x0000000715100000, 0x0000000715100000, 0x0000000715200000|  0%| F|  |TAMS 0x0000000715100000, 0x0000000715100000| Untracked 
| 172|0x0000000715200000, 0x0000000715200000, 0x0000000715300000|  0%| F|  |TAMS 0x0000000715200000, 0x0000000715200000| Untracked 
| 173|0x0000000715300000, 0x0000000715300000, 0x0000000715400000|  0%| F|  |TAMS 0x0000000715300000, 0x0000000715300000| Untracked 
| 174|0x0000000715400000, 0x0000000715400000, 0x0000000715500000|  0%| F|  |TAMS 0x0000000715400000, 0x0000000715400000| Untracked 
| 175|0x0000000715500000, 0x0000000715500000, 0x0000000715600000|  0%| F|  |TAMS 0x0000000715500000, 0x0000000715500000| Untracked 
| 176|0x0000000715600000, 0x0000000715600000, 0x0000000715700000|  0%| F|  |TAMS 0x0000000715600000, 0x0000000715600000| Untracked 
| 177|0x0000000715700000, 0x0000000715700000, 0x0000000715800000|  0%| F|  |TAMS 0x0000000715700000, 0x0000000715700000| Untracked 
| 178|0x0000000715800000, 0x0000000715800000, 0x0000000715900000|  0%| F|  |TAMS 0x0000000715800000, 0x0000000715800000| Untracked 
| 179|0x0000000715900000, 0x0000000715900000, 0x0000000715a00000|  0%| F|  |TAMS 0x0000000715900000, 0x0000000715900000| Untracked 
| 180|0x0000000715a00000, 0x0000000715a00000, 0x0000000715b00000|  0%| F|  |TAMS 0x0000000715a00000, 0x0000000715a00000| Untracked 
| 181|0x0000000715b00000, 0x0000000715b00000, 0x0000000715c00000|  0%| F|  |TAMS 0x0000000715b00000, 0x0000000715b00000| Untracked 
| 182|0x0000000715c00000, 0x0000000715c00000, 0x0000000715d00000|  0%| F|  |TAMS 0x0000000715c00000, 0x0000000715c00000| Untracked 
| 183|0x0000000715d00000, 0x0000000715d00000, 0x0000000715e00000|  0%| F|  |TAMS 0x0000000715d00000, 0x0000000715d00000| Untracked 
| 184|0x0000000715e00000, 0x0000000715e00000, 0x0000000715f00000|  0%| F|  |TAMS 0x0000000715e00000, 0x0000000715e00000| Untracked 
| 185|0x0000000715f00000, 0x0000000715f00000, 0x0000000716000000|  0%| F|  |TAMS 0x0000000715f00000, 0x0000000715f00000| Untracked 
| 186|0x0000000716000000, 0x0000000716000000, 0x0000000716100000|  0%| F|  |TAMS 0x0000000716000000, 0x0000000716000000| Untracked 
| 187|0x0000000716100000, 0x0000000716100000, 0x0000000716200000|  0%| F|  |TAMS 0x0000000716100000, 0x0000000716100000| Untracked 
| 188|0x0000000716200000, 0x0000000716200000, 0x0000000716300000|  0%| F|  |TAMS 0x0000000716200000, 0x0000000716200000| Untracked 
| 189|0x0000000716300000, 0x0000000716300000, 0x0000000716400000|  0%| F|  |TAMS 0x0000000716300000, 0x0000000716300000| Untracked 
| 190|0x0000000716400000, 0x0000000716400000, 0x0000000716500000|  0%| F|  |TAMS 0x0000000716400000, 0x0000000716400000| Untracked 
| 191|0x0000000716500000, 0x0000000716500000, 0x0000000716600000|  0%| F|  |TAMS 0x0000000716500000, 0x0000000716500000| Untracked 
| 192|0x0000000716600000, 0x0000000716600000, 0x0000000716700000|  0%| F|  |TAMS 0x0000000716600000, 0x0000000716600000| Untracked 
| 193|0x0000000716700000, 0x0000000716700000, 0x0000000716800000|  0%| F|  |TAMS 0x0000000716700000, 0x0000000716700000| Untracked 
| 194|0x0000000716800000, 0x0000000716800000, 0x0000000716900000|  0%| F|  |TAMS 0x0000000716800000, 0x0000000716800000| Untracked 
| 195|0x0000000716900000, 0x0000000716900000, 0x0000000716a00000|  0%| F|  |TAMS 0x0000000716900000, 0x0000000716900000| Untracked 
| 196|0x0000000716a00000, 0x0000000716a00000, 0x0000000716b00000|  0%| F|  |TAMS 0x0000000716a00000, 0x0000000716a00000| Untracked 
| 197|0x0000000716b00000, 0x0000000716b00000, 0x0000000716c00000|  0%| F|  |TAMS 0x0000000716b00000, 0x0000000716b00000| Untracked 
| 198|0x0000000716c00000, 0x0000000716c00000, 0x0000000716d00000|  0%| F|  |TAMS 0x0000000716c00000, 0x0000000716c00000| Untracked 
| 199|0x0000000716d00000, 0x0000000716d00000, 0x0000000716e00000|  0%| F|  |TAMS 0x0000000716d00000, 0x0000000716d00000| Untracked 
| 200|0x0000000716e00000, 0x0000000716e00000, 0x0000000716f00000|  0%| F|  |TAMS 0x0000000716e00000, 0x0000000716e00000| Untracked 
| 201|0x0000000716f00000, 0x0000000716f00000, 0x0000000717000000|  0%| F|  |TAMS 0x0000000716f00000, 0x0000000716f00000| Untracked 
| 202|0x0000000717000000, 0x0000000717000000, 0x0000000717100000|  0%| F|  |TAMS 0x0000000717000000, 0x0000000717000000| Untracked 
| 203|0x0000000717100000, 0x0000000717100000, 0x0000000717200000|  0%| F|  |TAMS 0x0000000717100000, 0x0000000717100000| Untracked 
| 204|0x0000000717200000, 0x0000000717200000, 0x0000000717300000|  0%| F|  |TAMS 0x0000000717200000, 0x0000000717200000| Untracked 
| 205|0x0000000717300000, 0x0000000717300000, 0x0000000717400000|  0%| F|  |TAMS 0x0000000717300000, 0x0000000717300000| Untracked 
| 206|0x0000000717400000, 0x0000000717400000, 0x0000000717500000|  0%| F|  |TAMS 0x0000000717400000, 0x0000000717400000| Untracked 
| 207|0x0000000717500000, 0x0000000717500000, 0x0000000717600000|  0%| F|  |TAMS 0x0000000717500000, 0x0000000717500000| Untracked 
| 208|0x0000000717600000, 0x0000000717600000, 0x0000000717700000|  0%| F|  |TAMS 0x0000000717600000, 0x0000000717600000| Untracked 
| 209|0x0000000717700000, 0x0000000717700000, 0x0000000717800000|  0%| F|  |TAMS 0x0000000717700000, 0x0000000717700000| Untracked 
| 210|0x0000000717800000, 0x0000000717800000, 0x0000000717900000|  0%| F|  |TAMS 0x0000000717800000, 0x0000000717800000| Untracked 
| 211|0x0000000717900000, 0x0000000717900000, 0x0000000717a00000|  0%| F|  |TAMS 0x0000000717900000, 0x0000000717900000| Untracked 
| 212|0x0000000717a00000, 0x0000000717a00000, 0x0000000717b00000|  0%| F|  |TAMS 0x0000000717a00000, 0x0000000717a00000| Untracked 
| 213|0x0000000717b00000, 0x0000000717b00000, 0x0000000717c00000|  0%| F|  |TAMS 0x0000000717b00000, 0x0000000717b00000| Untracked 
| 214|0x0000000717c00000, 0x0000000717c00000, 0x0000000717d00000|  0%| F|  |TAMS 0x0000000717c00000, 0x0000000717c00000| Untracked 
| 215|0x0000000717d00000, 0x0000000717d00000, 0x0000000717e00000|  0%| F|  |TAMS 0x0000000717d00000, 0x0000000717d00000| Untracked 
| 216|0x0000000717e00000, 0x0000000717e00000, 0x0000000717f00000|  0%| F|  |TAMS 0x0000000717e00000, 0x0000000717e00000| Untracked 
| 217|0x0000000717f00000, 0x0000000717f00000, 0x0000000718000000|  0%| F|  |TAMS 0x0000000717f00000, 0x0000000717f00000| Untracked 
| 218|0x0000000718000000, 0x0000000718000000, 0x0000000718100000|  0%| F|  |TAMS 0x0000000718000000, 0x0000000718000000| Untracked 
| 219|0x0000000718100000, 0x0000000718100000, 0x0000000718200000|  0%| F|  |TAMS 0x0000000718100000, 0x0000000718100000| Untracked 
| 220|0x0000000718200000, 0x0000000718200000, 0x0000000718300000|  0%| F|  |TAMS 0x0000000718200000, 0x0000000718200000| Untracked 
| 221|0x0000000718300000, 0x0000000718300000, 0x0000000718400000|  0%| F|  |TAMS 0x0000000718300000, 0x0000000718300000| Untracked 
| 222|0x0000000718400000, 0x0000000718400000, 0x0000000718500000|  0%| F|  |TAMS 0x0000000718400000, 0x0000000718400000| Untracked 
| 223|0x0000000718500000, 0x0000000718500000, 0x0000000718600000|  0%| F|  |TAMS 0x0000000718500000, 0x0000000718500000| Untracked 
| 224|0x0000000718600000, 0x0000000718600000, 0x0000000718700000|  0%| F|  |TAMS 0x0000000718600000, 0x0000000718600000| Untracked 
| 225|0x0000000718700000, 0x0000000718700000, 0x0000000718800000|  0%| F|  |TAMS 0x0000000718700000, 0x0000000718700000| Untracked 
| 226|0x0000000718800000, 0x0000000718800000, 0x0000000718900000|  0%| F|  |TAMS 0x0000000718800000, 0x0000000718800000| Untracked 
| 227|0x0000000718900000, 0x0000000718900000, 0x0000000718a00000|  0%| F|  |TAMS 0x0000000718900000, 0x0000000718900000| Untracked 
| 228|0x0000000718a00000, 0x0000000718a00000, 0x0000000718b00000|  0%| F|  |TAMS 0x0000000718a00000, 0x0000000718a00000| Untracked 
| 229|0x0000000718b00000, 0x0000000718b00000, 0x0000000718c00000|  0%| F|  |TAMS 0x0000000718b00000, 0x0000000718b00000| Untracked 
| 230|0x0000000718c00000, 0x0000000718c00000, 0x0000000718d00000|  0%| F|  |TAMS 0x0000000718c00000, 0x0000000718c00000| Untracked 
| 231|0x0000000718d00000, 0x0000000718d00000, 0x0000000718e00000|  0%| F|  |TAMS 0x0000000718d00000, 0x0000000718d00000| Untracked 
| 232|0x0000000718e00000, 0x0000000718e00000, 0x0000000718f00000|  0%| F|  |TAMS 0x0000000718e00000, 0x0000000718e00000| Untracked 
| 233|0x0000000718f00000, 0x0000000718f00000, 0x0000000719000000|  0%| F|  |TAMS 0x0000000718f00000, 0x0000000718f00000| Untracked 
| 234|0x0000000719000000, 0x0000000719000000, 0x0000000719100000|  0%| F|  |TAMS 0x0000000719000000, 0x0000000719000000| Untracked 
| 235|0x0000000719100000, 0x0000000719100000, 0x0000000719200000|  0%| F|  |TAMS 0x0000000719100000, 0x0000000719100000| Untracked 
| 236|0x0000000719200000, 0x0000000719200000, 0x0000000719300000|  0%| F|  |TAMS 0x0000000719200000, 0x0000000719200000| Untracked 
| 237|0x0000000719300000, 0x0000000719300000, 0x0000000719400000|  0%| F|  |TAMS 0x0000000719300000, 0x0000000719300000| Untracked 
| 238|0x0000000719400000, 0x0000000719400000, 0x0000000719500000|  0%| F|  |TAMS 0x0000000719400000, 0x0000000719400000| Untracked 
| 239|0x0000000719500000, 0x0000000719500000, 0x0000000719600000|  0%| F|  |TAMS 0x0000000719500000, 0x0000000719500000| Untracked 
| 240|0x0000000719600000, 0x0000000719600000, 0x0000000719700000|  0%| F|  |TAMS 0x0000000719600000, 0x0000000719600000| Untracked 
| 241|0x0000000719700000, 0x00000007197f0860, 0x0000000719800000| 93%| E|  |TAMS 0x0000000719700000, 0x0000000719700000| Complete 
| 242|0x0000000719800000, 0x0000000719900000, 0x0000000719900000|100%| E|CS|TAMS 0x0000000719800000, 0x0000000719800000| Complete 
| 243|0x0000000719900000, 0x0000000719a00000, 0x0000000719a00000|100%| E|CS|TAMS 0x0000000719900000, 0x0000000719900000| Complete 
| 244|0x0000000719a00000, 0x0000000719b00000, 0x0000000719b00000|100%| E|CS|TAMS 0x0000000719a00000, 0x0000000719a00000| Complete 
| 245|0x0000000719b00000, 0x0000000719c00000, 0x0000000719c00000|100%| E|CS|TAMS 0x0000000719b00000, 0x0000000719b00000| Complete 

Card table byte_map: [0x000001b0eafb0000,0x000001b0eb760000] _byte_map_base: 0x000001b0e775d000

Marking Bits (Prev, Next): (CMBitMap*) 0x000001b0d2d7e708, (CMBitMap*) 0x000001b0d2d7e748
 Prev Bits: [0x000001b0ebf10000, 0x000001b0efc78000)
 Next Bits: [0x000001b0efc80000, 0x000001b0f39e8000)

Polling page: 0x000001b0d2500000

Metaspace:

Usage:
  Non-class:      4.37 MB capacity,     2.44 MB ( 56%) used,     1.92 MB ( 44%) free+waste,     3.13 KB ( <1%) overhead. 
      Class:    446.00 KB capacity,   262.06 KB ( 59%) used,   182.19 KB ( 41%) free+waste,     1.75 KB ( <1%) overhead. 
       Both:      4.80 MB capacity,     2.70 MB ( 56%) used,     2.10 MB ( 44%) free+waste,     4.88 KB ( <1%) overhead. 

Virtual space:
  Non-class space:        8.00 MB reserved,       4.50 MB ( 56%) committed 
      Class space:        1.00 GB reserved,     512.00 KB ( <1%) committed 
             Both:        1.01 GB reserved,       5.00 MB ( <1%) committed 

Chunk freelists:
   Non-Class:  8.00 KB
       Class:  2.00 KB
        Both:  10.00 KB

MaxMetaspaceSize: 17179869184.00 GB
CompressedClassSpaceSize: 1.00 GB

CodeHeap 'non-profiled nmethods': size=120000Kb used=134Kb max_used=134Kb free=119865Kb
 bounds [0x000001b0e2fa0000, 0x000001b0e3210000, 0x000001b0ea4d0000]
CodeHeap 'profiled nmethods': size=120000Kb used=580Kb max_used=580Kb free=119419Kb
 bounds [0x000001b0dba70000, 0x000001b0dbce0000, 0x000001b0e2fa0000]
CodeHeap 'non-nmethods': size=5760Kb used=1231Kb max_used=1245Kb free=4529Kb
 bounds [0x000001b0db4d0000, 0x000001b0db740000, 0x000001b0dba70000]
 total_blobs=813 nmethods=420 adapters=306
 compilation: enabled
              stopped_count=0, restarted_count=0
 full_count=0

Compilation events (20 events):
Event: 142.355 Thread 0x000001b0f655a800  417       3       org.eclipse.jdt.launching.internal.org.objectweb.asm.ClassReader::readUtf (161 bytes)
Event: 142.357 Thread 0x000001b0f655a800 

Event: 142.357 Thread 0x000001b0f655a800  415       3       org.eclipse.jdt.launching.internal.org.objectweb.asm.ClassReader::readUTF8 (23 bytes)
Event: 142.357 Thread 0x000001b0f655a800 nmethod 415 0x000001b0dbafec90 code [0x000001b0dbafee40, 0x000001b0dbaff108]
Event: 142.357 Thread 0x000001b0f655a800  416       3       org.eclipse.jdt.launching.internal.org.objectweb.asm.SymbolTable$Entry::<init> (17 bytes)
Event: 142.357 Thread 0x000001b0f655a800 nmethod 416 0x000001b0dbaff290 code [0x000001b0dbaff440, 0x000001b0dbaff5e8]
Event: 168.869 Thread 0x000001b0f655a800  418       3       org.eclipse.jdt.launching.internal.org.objectweb.asm.SymbolTable::addConstantUtf8 (20 bytes)
Event: 168.870 Thread 0x000001b0f6551000  419       4       org.eclipse.jdt.launching.internal.org.objectweb.asm.ClassReader::readUnsignedShort (26 bytes)
Event: 168.870 Thread 0x000001b0f655a800 nmethod 418 0x000001b0dbaff690 code [0x000001b0dbaff860, 0x000001b0dbaffbe8]
Event: 168.870 Thread 0x000001b0f655a800  420       3       org.eclipse.jdt.launching.internal.org.objectweb.asm.ClassReader::readUtf (161 bytes)
Event: 168.871 Thread 0x000001b0f6551000 

Event: 168.871 Thread 0x000001b0f655a800 

Event: 257.330 Thread 0x000001b0f655a800  421       3       org.eclipse.jdt.launching.internal.org.objectweb.asm.ClassReader::readUtf (161 bytes)
Event: 257.332 Thread 0x000001b0f655a800 

Event: 257.332 Thread 0x000001b0f655a800  422       3       java.lang.String::<init> (14 bytes)
Event: 257.332 Thread 0x000001b0f655a800 nmethod 422 0x000001b0dbaffd90 code [0x000001b0dbafff40, 0x000001b0dbb00158]
Event: 257.332 Thread 0x000001b0f655a800  423       3       java.lang.String::rangeCheck (9 bytes)
Event: 257.332 Thread 0x000001b0f655a800 nmethod 423 0x000001b0dbb00290 code [0x000001b0dbb00440, 0x000001b0dbb00568]
Event: 309.356 Thread 0x000001b0f655a800  424       3       org.eclipse.jdt.launching.internal.org.objectweb.asm.ClassReader::readUtf (161 bytes)
Event: 309.356 Thread 0x000001b0f655a800 nmethod 424 0x000001b0dbb00610 code [0x000001b0dbb00800, 0x000001b0dbb00e18]

GC Heap History (0 events):
No events

Deoptimization events (20 events):
Event: 0.342 Thread 0x000001b0d2d1a800 DEOPT PACKING pc=0x000001b0dbae360d sp=0x00000028261f8010
Event: 0.342 Thread 0x000001b0d2d1a800 DEOPT UNPACKING pc=0x000001b0db51964e sp=0x00000028261f74d8 mode 0
Event: 0.343 Thread 0x000001b0d2d1a800 DEOPT PACKING pc=0x000001b0dbae360d sp=0x00000028261f8010
Event: 0.343 Thread 0x000001b0d2d1a800 DEOPT UNPACKING pc=0x000001b0db51964e sp=0x00000028261f74d8 mode 0
Event: 0.343 Thread 0x000001b0d2d1a800 DEOPT PACKING pc=0x000001b0dbae360d sp=0x00000028261f8010
Event: 0.343 Thread 0x000001b0d2d1a800 DEOPT UNPACKING pc=0x000001b0db51964e sp=0x00000028261f74d8 mode 0
Event: 0.343 Thread 0x000001b0d2d1a800 DEOPT PACKING pc=0x000001b0dbae360d sp=0x00000028261f8010
Event: 0.343 Thread 0x000001b0d2d1a800 DEOPT UNPACKING pc=0x000001b0db51964e sp=0x00000028261f74d8 mode 0
Event: 0.343 Thread 0x000001b0d2d1a800 DEOPT PACKING pc=0x000001b0dbae360d sp=0x00000028261f8010
Event: 0.344 Thread 0x000001b0d2d1a800 DEOPT UNPACKING pc=0x000001b0db51964e sp=0x00000028261f74d8 mode 0
Event: 0.345 Thread 0x000001b0d2d1a800 DEOPT PACKING pc=0x000001b0dbae360d sp=0x00000028261fbaf0
Event: 0.345 Thread 0x000001b0d2d1a800 DEOPT UNPACKING pc=0x000001b0db51964e sp=0x00000028261fafb8 mode 0
Event: 0.346 Thread 0x000001b0d2d1a800 DEOPT PACKING pc=0x000001b0dbae360d sp=0x00000028261fbaf0
Event: 0.346 Thread 0x000001b0d2d1a800 DEOPT UNPACKING pc=0x000001b0db51964e sp=0x00000028261fafb8 mode 0
Event: 0.347 Thread 0x000001b0d2d1a800 DEOPT PACKING pc=0x000001b0dbae360d sp=0x00000028261f7f90
Event: 0.347 Thread 0x000001b0d2d1a800 DEOPT UNPACKING pc=0x000001b0db51964e sp=0x00000028261f7458 mode 0
Event: 0.349 Thread 0x000001b0d2d1a800 DEOPT PACKING pc=0x000001b0dbae360d sp=0x00000028261fba20
Event: 0.349 Thread 0x000001b0d2d1a800 DEOPT UNPACKING pc=0x000001b0db51964e sp=0x00000028261faee8 mode 0
Event: 0.359 Thread 0x000001b0d2d1a800 DEOPT PACKING pc=0x000001b0dbaf643f sp=0x00000028261ff430
Event: 0.359 Thread 0x000001b0d2d1a800 DEOPT UNPACKING pc=0x000001b0db51964e sp=0x00000028261fe880 mode 1

Classes unloaded (0 events):
No events

Classes redefined (4 events):
Event: 142.356 Thread 0x000001b0f652b800 redefined class name=Board, count=1
Event: 168.870 Thread 0x000001b0f652b800 redefined class name=Board, count=2
Event: 257.331 Thread 0x000001b0f652b800 redefined class name=Board, count=3
Event: 309.356 Thread 0x000001b0f652b800 redefined class name=Board, count=4

Internal exceptions (0 events):
No events

Events (20 events):
Event: 257.383 Executing VM operation: GetFrameLocation
Event: 257.383 Executing VM operation: GetFrameLocation done
Event: 257.383 Executing VM operation: get/set locals
Event: 257.383 Executing VM operation: get/set locals done
Event: 309.356 Executing VM operation: RedefineClasses
Event: 309.357 Executing VM operation: RedefineClasses done
Event: 309.362 Executing VM operation: ChangeBreakpoints
Event: 309.362 Executing VM operation: ChangeBreakpoints done
Event: 309.364 Executing VM operation: GetFrameCount
Event: 309.364 Executing VM operation: GetFrameCount done
Event: 309.364 Executing VM operation: GetStackTrace
Event: 309.364 Executing VM operation: GetStackTrace done
Event: 309.401 Executing VM operation: GetFrameCount
Event: 309.401 Executing VM operation: GetFrameCount done
Event: 309.401 Executing VM operation: GetOwnedMonitorInfo
Event: 309.401 Executing VM operation: GetOwnedMonitorInfo done
Event: 309.401 Executing VM operation: GetCurrentContendedMonitor
Event: 309.401 Executing VM operation: GetCurrentContendedMonitor done
Event: 309.442 Executing VM operation: GetFrameLocation
Event: 309.442 Executing VM operation: GetFrameLocation done


Dynamic libraries:
0x00007ff690590000 - 0x00007ff69059f000 	C:\Program Files\Java\jdk-14.0.2\bin\javaw.exe
0x00007ffb679f0000 - 0x00007ffb67be5000 	C:\WINDOWS\SYSTEM32\ntdll.dll
0x00007ffb67480000 - 0x00007ffb6753d000 	C:\WINDOWS\System32\KERNEL32.DLL
0x00007ffb65130000 - 0x00007ffb653f8000 	C:\WINDOWS\System32\KERNELBASE.dll
0x00007ffb657d0000 - 0x00007ffb658d0000 	C:\WINDOWS\System32\ucrtbase.dll
0x00007ffb5e3f0000 - 0x00007ffb5e408000 	C:\Program Files\Java\jdk-14.0.2\bin\jli.dll
0x00007ffb5e460000 - 0x00007ffb5e475000 	C:\Program Files\Java\jdk-14.0.2\bin\VCRUNTIME140.dll
0x00007ffb66ce0000 - 0x00007ffb66d8c000 	C:\WINDOWS\System32\ADVAPI32.dll
0x00007ffb67380000 - 0x00007ffb6741e000 	C:\WINDOWS\System32\msvcrt.dll
0x00007ffb67280000 - 0x00007ffb6731b000 	C:\WINDOWS\System32\sechost.dll
0x00007ffb67540000 - 0x00007ffb6766b000 	C:\WINDOWS\System32\RPCRT4.dll
0x00007ffb52250000 - 0x00007ffb524ea000 	C:\WINDOWS\WinSxS\amd64_microsoft.windows.common-controls_6595b64144ccf1df_6.0.19041.844_none_ca00b6081b84eb1d\COMCTL32.dll
0x00007ffb66140000 - 0x00007ffb662e0000 	C:\WINDOWS\System32\USER32.dll
0x00007ffb67670000 - 0x00007ffb6769a000 	C:\WINDOWS\System32\GDI32.dll
0x00007ffb65630000 - 0x00007ffb65652000 	C:\WINDOWS\System32\win32u.dll
0x00007ffb65660000 - 0x00007ffb6576b000 	C:\WINDOWS\System32\gdi32full.dll
0x00007ffb5efd0000 - 0x00007ffb5efda000 	C:\WINDOWS\SYSTEM32\VERSION.dll
0x00007ffb65400000 - 0x00007ffb6549d000 	C:\WINDOWS\System32\msvcp_win.dll
0x00007ffb65b30000 - 0x00007ffb65b60000 	C:\WINDOWS\System32\IMM32.DLL
0x00007ffb3f210000 - 0x00007ffb3f2ab000 	C:\Program Files\Java\jdk-14.0.2\bin\msvcp140.dll
0x00007ffb34b90000 - 0x00007ffb356ae000 	C:\Program Files\Java\jdk-14.0.2\bin\server\jvm.dll
0x00007ffb66a30000 - 0x00007ffb66a38000 	C:\WINDOWS\System32\PSAPI.DLL
0x00007ffb4e450000 - 0x00007ffb4e459000 	C:\WINDOWS\SYSTEM32\WSOCK32.dll
0x00007ffb583e0000 - 0x00007ffb58407000 	C:\WINDOWS\SYSTEM32\WINMM.dll
0x00007ffb66d90000 - 0x00007ffb66dfb000 	C:\WINDOWS\System32\WS2_32.dll
0x00007ffb62f00000 - 0x00007ffb62f12000 	C:\WINDOWS\SYSTEM32\kernel.appcore.dll
0x00007ffb61fd0000 - 0x00007ffb61fda000 	C:\Program Files\Java\jdk-14.0.2\bin\jimage.dll
0x00007ffb626c0000 - 0x00007ffb628a4000 	C:\WINDOWS\SYSTEM32\DBGHELP.DLL
0x00007ffb5ad50000 - 0x00007ffb5ad7c000 	C:\WINDOWS\SYSTEM32\dbgcore.DLL
0x00007ffb658d0000 - 0x00007ffb65950000 	C:\WINDOWS\System32\bcryptPrimitives.dll
0x00007ffb58660000 - 0x00007ffb58698000 	C:\Program Files\Java\jdk-14.0.2\bin\jdwp.dll
0x00007ffb5e1b0000 - 0x00007ffb5e1d5000 	C:\Program Files\Java\jdk-14.0.2\bin\java.dll
0x00007ffb5efe0000 - 0x00007ffb5efee000 	C:\Program Files\Java\jdk-14.0.2\bin\instrument.dll
0x00007ffb606b0000 - 0x00007ffb606c6000 	C:\Program Files\Java\jdk-14.0.2\bin\zip.dll
0x00007ffb662e0000 - 0x00007ffb66a22000 	C:\WINDOWS\System32\SHELL32.dll
0x00007ffb63120000 - 0x00007ffb638b1000 	C:\WINDOWS\SYSTEM32\windows.storage.dll
0x00007ffb66f20000 - 0x00007ffb67275000 	C:\WINDOWS\System32\combase.dll
0x00007ffb64ad0000 - 0x00007ffb64afc000 	C:\WINDOWS\SYSTEM32\Wldp.dll
0x00007ffb65b60000 - 0x00007ffb65c0e000 	C:\WINDOWS\System32\SHCORE.dll
0x00007ffb67320000 - 0x00007ffb67375000 	C:\WINDOWS\System32\shlwapi.dll
0x00007ffb65070000 - 0x00007ffb6508f000 	C:\WINDOWS\SYSTEM32\profapi.dll
0x00007ffb5ec40000 - 0x00007ffb5ec4b000 	C:\Program Files\Java\jdk-14.0.2\bin\dt_socket.dll
0x00007ffb64570000 - 0x00007ffb645ab000 	C:\WINDOWS\SYSTEM32\IPHLPAPI.DLL
0x00007ffb648b0000 - 0x00007ffb6491a000 	C:\WINDOWS\system32\mswsock.dll
0x00007ffb645b0000 - 0x00007ffb6467c000 	C:\WINDOWS\SYSTEM32\DNSAPI.dll
0x00007ffb66130000 - 0x00007ffb66138000 	C:\WINDOWS\System32\NSI.dll
0x00007ffb5db60000 - 0x00007ffb5db6a000 	C:\Windows\System32\rasadhlp.dll
0x00007ffb5bfd0000 - 0x00007ffb5c04f000 	C:\WINDOWS\System32\fwpuclnt.dll
0x00007ffb654a0000 - 0x00007ffb654c7000 	C:\WINDOWS\System32\bcrypt.dll
0x00007ffb5f0b0000 - 0x00007ffb5f0c9000 	C:\Program Files\Java\jdk-14.0.2\bin\net.dll
0x00007ffb64180000 - 0x00007ffb6428b000 	C:\WINDOWS\SYSTEM32\WINHTTP.dll
0x00007ffb5e3d0000 - 0x00007ffb5e3e2000 	C:\Program Files\Java\jdk-14.0.2\bin\nio.dll
0x00007ffb608f0000 - 0x00007ffb60900000 	C:\Program Files\Java\jdk-14.0.2\bin\verify.dll

dbghelp: loaded successfully - version: 4.0.5 - missing functions: none
symbol engine: initialized successfully - sym options: 0x614 - pdb path: .;C:\Program Files\Java\jdk-14.0.2\bin;C:\WINDOWS\SYSTEM32;C:\WINDOWS\WinSxS\amd64_microsoft.windows.common-controls_6595b64144ccf1df_6.0.19041.844_none_ca00b6081b84eb1d;C:\Program Files\Java\jdk-14.0.2\bin\server

VM Arguments:
jvm_args: -agentlib:jdwp=transport=dt_socket,suspend=y,address=localhost:52170 -javaagent:C:\Users\FONTANATJ20\eclipse\java-2020-06\eclipse\configuration\org.eclipse.osgi\222\0\.cp\lib\javaagent-shaded.jar -Dfile.encoding=Cp1252 
java_command: Main
java_class_path (initial): C:\Users\FONTANATJ20\git\Monopoly\Project5 - Group Project\bin
Launcher Type: SUN_STANDARD

[Global flags]
     intx CICompilerCount                          = 4                                         {product} {ergonomic}
     uint ConcGCThreads                            = 2                                         {product} {ergonomic}
     uint G1ConcRefinementThreads                  = 8                                         {product} {ergonomic}
   size_t G1HeapRegionSize                         = 1048576                                   {product} {ergonomic}
    uintx GCDrainStackTargetSize                   = 64                                        {product} {ergonomic}
   size_t InitialHeapSize                          = 257949696                                 {product} {ergonomic}
   size_t MarkStackSize                            = 4194304                                   {product} {ergonomic}
   size_t MaxHeapSize                              = 4120903680                                {product} {ergonomic}
   size_t MaxNewSize                               = 2472542208                                {product} {ergonomic}
   size_t MinHeapDeltaBytes                        = 1048576                                   {product} {ergonomic}
   size_t MinHeapSize                              = 8388608                                   {product} {ergonomic}
    uintx NonNMethodCodeHeapSize                   = 5839372                                {pd product} {ergonomic}
    uintx NonProfiledCodeHeapSize                  = 122909434                              {pd product} {ergonomic}
    uintx ProfiledCodeHeapSize                     = 122909434                              {pd product} {ergonomic}
    uintx ReservedCodeCacheSize                    = 251658240                              {pd product} {ergonomic}
     bool SegmentedCodeCache                       = true                                      {product} {ergonomic}
   size_t SoftMaxHeapSize                          = 4120903680                             {manageable} {ergonomic}
     bool UseCompressedClassPointers               = true                                 {lp64_product} {ergonomic}
     bool UseCompressedOops                        = true                                 {lp64_product} {ergonomic}
     bool UseG1GC                                  = true                                      {product} {ergonomic}
     bool UseLargePagesIndividualAllocation        = false                                  {pd product} {ergonomic}

Logging:
Log output configuration:
 #0: stdout all=warning uptime,level,tags
 #1: stderr all=off uptime,level,tags

Environment Variables:
PATH=C:/Program Files/Java/jdk-14.0.2/bin/server;C:/Program Files/Java/jdk-14.0.2/bin;C:\WINDOWS\system32;C:\WINDOWS;C:\WINDOWS\System32\Wbem;C:\WINDOWS\System32\WindowsPowerShell\v1.0\;C:\WINDOWS\System32\OpenSSH\;C:\Program Files (x86)\PharosSystems\Core;C:\Program Files\Wolfram Research\WolframScript\;C:\Program Files\Git\cmd;C:\Program Files\Java\jdk-14.0.2;C:\Users\FONTANATJ20\AppData\Local\Microsoft\WindowsApps;;C:\Users\FONTANATJ20\AppData\Local\Programs\Microsoft VS Code\bin;C:\Program Files\JetBrains\IntelliJ IDEA Community Edition 2021.1\bin;;C:\Users\FONTANATJ20\eclipse\java-2020-06\eclipse;
USERNAME=FONTANATJ20
OS=Windows_NT
PROCESSOR_IDENTIFIER=Intel64 Family 6 Model 142 Stepping 12, GenuineIntel



---------------  S Y S T E M  ---------------

OS: Windows 10 , 64 bit Build 19041 (10.0.19041.928)
OS uptime: 3 days 15:45 hours
HyperV virtualization detected

CPU:total 8 (initial active 8) (4 cores per cpu, 2 threads per core) family 6 model 142 stepping 12, cmov, cx8, fxsr, mmx, sse, sse2, sse3, ssse3, sse4.1, sse4.2, popcnt, avx, avx2, aes, clmul, erms, 3dnowpref, lzcnt, ht, tsc, tscinvbit, bmi1, bmi2, adx, fma

Memory: 4k page, system-wide physical 15718M (7172M free)
TotalPageFile size 18150M (AvailPageFile size 6942M)
current process WorkingSet (physical memory assigned to process): 43M, peak: 44M
current process commit charge ("private bytes"): 339M, peak: 341M

vm_info: Java HotSpot(TM) 64-Bit Server VM (14.0.2+12-46) for windows-amd64 JRE (14.0.2+12-46), built on Jul  9 2020 00:35:52 by "mach5one" with MS VC++ 15.9 (VS2017)

END.
